2025-03-27 15:25:09,726 - __main__ - INFO - Starting ML pipeline
2025-03-27 15:25:09,736 - __main__ - INFO - Configuration loaded successfully
2025-03-27 15:25:09,737 - __main__ - INFO - Starting data ingestion
2025-03-27 15:25:09,750 - src.data.data_ingestion - INFO - Qualified status distribution:
qualified_status
1    6
0    4
Name: count, dtype: int64
2025-03-27 15:25:09,750 - src.data.data_ingestion - INFO - Data loaded successfully from d:\PesaJoy\Scoring\data/raw/survey_data.csv
2025-03-27 15:25:09,751 - src.data.data_ingestion - INFO - Data shape: (10, 18)
2025-03-27 15:25:09,753 - src.data.data_ingestion - INFO - Target variable info:
count    10.000000
mean      0.600000
std       0.516398
min       0.000000
25%       0.000000
50%       1.000000
75%       1.000000
max       1.000000
Name: qualified_status, dtype: float64
2025-03-27 15:25:09,755 - __main__ - INFO - Data loaded successfully with shape: (10, 18)
2025-03-27 15:25:09,756 - __main__ - INFO - Starting data validation
2025-03-27 15:25:09,761 - src.data.data_validation - INFO - Range validation completed for column age
2025-03-27 15:25:09,762 - src.data.data_validation - INFO - Range validation completed for column years_experience
2025-03-27 15:25:09,763 - src.data.data_validation - INFO - Range validation completed for column years_location
2025-03-27 15:25:09,763 - src.data.data_validation - INFO - Range validation completed for column weekday_hours
2025-03-27 15:25:09,764 - src.data.data_validation - INFO - Range validation completed for column weekend_hours
2025-03-27 15:25:09,764 - src.data.data_validation - INFO - Range validation completed for column total_inventory
2025-03-27 15:25:09,765 - src.data.data_validation - INFO - Range validation completed for column monthly_purchases
2025-03-27 15:25:09,766 - src.data.data_validation - INFO - Range validation completed for column daily_sales
2025-03-27 15:25:09,766 - src.data.data_validation - INFO - Range validation completed for column monthly_revenue
2025-03-27 15:25:09,767 - src.data.data_validation - INFO - Range validation completed for column total_employees
2025-03-27 15:25:09,767 - src.data.data_validation - INFO - Categorical validation completed for column business_type
2025-03-27 15:25:09,767 - src.data.data_validation - INFO - Categorical validation completed for column location_type
2025-03-27 15:25:09,768 - src.data.data_validation - INFO - Categorical validation completed for column ownership_type
2025-03-27 15:25:09,768 - src.data.data_validation - INFO - Categorical validation completed for column education_level
2025-03-27 15:25:09,768 - src.data.data_validation - INFO - Categorical validation completed for column customer_segment
2025-03-27 15:25:09,768 - src.data.data_validation - INFO - Categorical validation completed for column payment_methods
2025-03-27 15:25:09,769 - src.data.data_validation - INFO - Categorical validation completed for column business_registration
2025-03-27 15:25:09,769 - src.data.data_validation - INFO - Data validation completed successfully
2025-03-27 15:25:09,769 - __main__ - INFO - Data validation completed successfully
2025-03-27 15:25:09,769 - __main__ - INFO - Starting data transformation
2025-03-27 15:25:09,774 - src.data.data_transformation - INFO - Missing values handled successfully
2025-03-27 15:25:09,778 - src.data.data_transformation - INFO - Scaled 10 numeric features
2025-03-27 15:25:09,779 - src.data.data_transformation - INFO - Encoded categorical feature: business_type
2025-03-27 15:25:09,780 - src.data.data_transformation - INFO - Encoded categorical feature: location_type
2025-03-27 15:25:09,780 - src.data.data_transformation - INFO - Encoded categorical feature: ownership_type
2025-03-27 15:25:09,781 - src.data.data_transformation - INFO - Encoded categorical feature: education_level
2025-03-27 15:25:09,781 - src.data.data_transformation - INFO - Encoded categorical feature: customer_segment
2025-03-27 15:25:09,782 - src.data.data_transformation - INFO - Encoded categorical feature: payment_methods
2025-03-27 15:25:09,782 - src.data.data_transformation - INFO - Encoded categorical feature: business_registration
2025-03-27 15:25:09,782 - __main__ - INFO - Data transformation completed successfully
2025-03-27 15:25:09,783 - __main__ - INFO - Starting feature engineering
2025-03-27 15:25:09,783 - __main__ - INFO - Creating target variable
2025-03-27 15:25:09,784 - src.data.automated_feature_engineering - INFO - Target variable created successfully
2025-03-27 15:25:09,785 - __main__ - INFO - Generating automated features
2025-03-27 15:25:09,873 - src.data.automated_feature_engineering - INFO - Generated 50 features automatically
2025-03-27 15:25:09,873 - __main__ - INFO - Generated 50 automated features
2025-03-27 15:25:09,873 - __main__ - INFO - Combining original and automated features
2025-03-27 15:25:09,874 - __main__ - INFO - Total number of features: 69
2025-03-27 15:25:13,331 - src.data.automated_feature_engineering - INFO - Correlation matrix plot saved to d:\PesaJoy\Scoring\data/features\plots\correlation_matrix.png
2025-03-27 15:25:13,333 - __main__ - INFO - Feature list saved to d:\PesaJoy\Scoring\data/features/feature_list.txt
2025-03-27 15:25:13,333 - __main__ - INFO - Starting model training
2025-03-27 15:25:13,334 - src.models.model_trainer - INFO - Training random_forest...
2025-03-27 15:25:27,074 - src.models.model_trainer - INFO - Best score: 0.9000
2025-03-27 15:25:27,075 - src.models.model_trainer - INFO - Best parameters: {'max_depth': 10, 'max_features': 'sqrt', 'min_samples_leaf': 1, 'min_samples_split': 2, 'n_estimators': 200}
2025-03-27 15:25:27,081 - src.models.model_trainer - INFO - Model and encoders saved to d:\PesaJoy\Scoring\models/saved_models
2025-03-27 15:25:27,081 - __main__ - INFO - Model training completed successfully
2025-03-27 15:25:27,082 - __main__ - INFO - Generating model explanations
2025-03-27 15:25:27,082 - __main__ - INFO - Generating SHAP explanations
2025-03-27 15:25:27,744 - __main__ - INFO - Generating LIME explanations
2025-03-27 15:25:27,975 - __main__ - INFO - Model explanations generated successfully
2025-03-27 15:25:28,416 - __main__ - INFO - Feature importance plot saved successfully
2025-03-27 15:25:28,417 - __main__ - INFO - Starting model evaluation
2025-03-27 15:25:28,424 - src.models.model_evaluation - INFO - Model loaded successfully from d:\PesaJoy\Scoring\models/saved_models\random_forest_model.pkl
2025-03-27 15:25:28,425 - src.models.model_evaluation - INFO - Encoders loaded successfully from d:\PesaJoy\Scoring\models/saved_models\random_forest_encoders.pkl
2025-03-27 15:25:28,447 - src.models.model_evaluation - INFO - Performance metrics calculated successfully
2025-03-27 15:25:28,636 - src.models.model_evaluation - INFO - Confusion matrix plot saved for random_forest
2025-03-27 15:25:28,824 - src.models.model_evaluation - INFO - ROC curve plot saved for random_forest
2025-03-27 15:25:28,851 - __main__ - INFO - Model evaluation completed successfully
2025-03-27 15:25:28,854 - __main__ - INFO - Starting model prediction
2025-03-27 15:25:28,860 - src.models.model_prediction - INFO - Model loaded successfully from d:\PesaJoy\Scoring\models/saved_models\random_forest_model.pkl
2025-03-27 15:25:28,861 - src.models.model_prediction - INFO - Encoders loaded successfully from d:\PesaJoy\Scoring\models/saved_models\random_forest_encoders.pkl
2025-03-27 15:25:28,979 - src.data.automated_feature_engineering - INFO - Generated 50 features automatically
2025-03-27 15:25:28,981 - src.models.model_prediction - ERROR - Error making predictions: The feature names should match those that were passed during fit.
Feature names unseen at fit time:
- daily_sales + monthly_purchases
- daily_sales + monthly_revenue
- daily_sales + total_employees
- daily_sales + total_inventory
- daily_sales + weekday_hours
- ...
Feature names seen at fit time, yet now missing:
- age + business_registration
- age + business_type
- age + customer_segment
- age + education_level
- age + location_type
- ...

2025-03-27 15:25:28,982 - __main__ - ERROR - Error in ML pipeline: Failed to make predictions: The feature names should match those that were passed during fit.
Feature names unseen at fit time:
- daily_sales + monthly_purchases
- daily_sales + monthly_revenue
- daily_sales + total_employees
- daily_sales + total_inventory
- daily_sales + weekday_hours
- ...
Feature names seen at fit time, yet now missing:
- age + business_registration
- age + business_type
- age + customer_segment
- age + education_level
- age + location_type
- ...

