2025-03-27 15:30:00,078 - src.data.data_ingestion - INFO - Qualified status distribution:
qualified_status
1    6
0    4
Name: count, dtype: int64
2025-03-27 15:30:00,079 - src.data.data_ingestion - INFO - Data loaded successfully from d:\PesaJoy\Scoring\data/raw/survey_data.csv
2025-03-27 15:30:00,079 - src.data.data_ingestion - INFO - Data shape: (10, 18)
2025-03-27 15:30:00,081 - src.data.data_ingestion - INFO - Target variable info:
count    10.000000
mean      0.600000
std       0.516398
min       0.000000
25%       0.000000
50%       1.000000
75%       1.000000
max       1.000000
Name: qualified_status, dtype: float64
2025-03-27 15:30:00,086 - src.data.data_validation - INFO - Range validation completed for column age
2025-03-27 15:30:00,088 - src.data.data_validation - INFO - Range validation completed for column years_experience
2025-03-27 15:30:00,088 - src.data.data_validation - INFO - Range validation completed for column years_location
2025-03-27 15:30:00,088 - src.data.data_validation - INFO - Range validation completed for column weekday_hours
2025-03-27 15:30:00,088 - src.data.data_validation - INFO - Range validation completed for column weekend_hours
2025-03-27 15:30:00,089 - src.data.data_validation - INFO - Range validation completed for column total_inventory
2025-03-27 15:30:00,089 - src.data.data_validation - INFO - Range validation completed for column monthly_purchases
2025-03-27 15:30:00,089 - src.data.data_validation - INFO - Range validation completed for column daily_sales
2025-03-27 15:30:00,090 - src.data.data_validation - INFO - Range validation completed for column monthly_revenue
2025-03-27 15:30:00,090 - src.data.data_validation - INFO - Range validation completed for column total_employees
2025-03-27 15:30:00,090 - src.data.data_validation - INFO - Categorical validation completed for column business_type
2025-03-27 15:30:00,090 - src.data.data_validation - INFO - Categorical validation completed for column location_type
2025-03-27 15:30:00,091 - src.data.data_validation - INFO - Categorical validation completed for column ownership_type
2025-03-27 15:30:00,091 - src.data.data_validation - INFO - Categorical validation completed for column education_level
2025-03-27 15:30:00,091 - src.data.data_validation - INFO - Categorical validation completed for column customer_segment
2025-03-27 15:30:00,091 - src.data.data_validation - INFO - Categorical validation completed for column payment_methods
2025-03-27 15:30:00,091 - src.data.data_validation - INFO - Categorical validation completed for column business_registration
2025-03-27 15:30:00,091 - src.data.data_validation - INFO - Data validation completed successfully
2025-03-27 15:30:00,097 - src.data.data_transformation - INFO - Missing values handled successfully
2025-03-27 15:30:00,102 - src.data.data_transformation - INFO - Scaled 10 numeric features
2025-03-27 15:30:00,103 - src.data.data_transformation - INFO - Encoded categorical feature: business_type
2025-03-27 15:30:00,103 - src.data.data_transformation - INFO - Encoded categorical feature: location_type
2025-03-27 15:30:00,103 - src.data.data_transformation - INFO - Encoded categorical feature: ownership_type
2025-03-27 15:30:00,104 - src.data.data_transformation - INFO - Encoded categorical feature: education_level
2025-03-27 15:30:00,104 - src.data.data_transformation - INFO - Encoded categorical feature: customer_segment
2025-03-27 15:30:00,105 - src.data.data_transformation - INFO - Encoded categorical feature: payment_methods
2025-03-27 15:30:00,106 - src.data.data_transformation - INFO - Encoded categorical feature: business_registration
