2025-03-27 17:47:29,631 - src.data.data_ingestion - INFO - Qualified status distribution:
qualified_status
1    6
0    4
Name: count, dtype: int64
2025-03-27 17:47:29,631 - src.data.data_ingestion - INFO - Data loaded successfully from D:\PesaJoy\Business_Financial_data_Model\data/raw/survey_data.csv
2025-03-27 17:47:29,632 - src.data.data_ingestion - INFO - Data shape: (10, 18)
2025-03-27 17:47:29,636 - src.data.data_ingestion - INFO - Target variable info:
count    10.000000
mean      0.600000
std       0.516398
min       0.000000
25%       0.000000
50%       1.000000
75%       1.000000
max       1.000000
Name: qualified_status, dtype: float64
2025-03-27 17:47:29,643 - src.data.data_validation - INFO - Range validation completed for column age
2025-03-27 17:47:29,644 - src.data.data_validation - INFO - Range validation completed for column years_experience
2025-03-27 17:47:29,644 - src.data.data_validation - INFO - Range validation completed for column years_location
2025-03-27 17:47:29,645 - src.data.data_validation - INFO - Range validation completed for column weekday_hours
2025-03-27 17:47:29,645 - src.data.data_validation - INFO - Range validation completed for column weekend_hours
2025-03-27 17:47:29,646 - src.data.data_validation - INFO - Range validation completed for column total_inventory
2025-03-27 17:47:29,646 - src.data.data_validation - INFO - Range validation completed for column monthly_purchases
2025-03-27 17:47:29,647 - src.data.data_validation - INFO - Range validation completed for column daily_sales
2025-03-27 17:47:29,647 - src.data.data_validation - INFO - Range validation completed for column monthly_revenue
2025-03-27 17:47:29,647 - src.data.data_validation - INFO - Range validation completed for column total_employees
2025-03-27 17:47:29,648 - src.data.data_validation - INFO - Categorical validation completed for column business_type
2025-03-27 17:47:29,648 - src.data.data_validation - INFO - Categorical validation completed for column location_type
2025-03-27 17:47:29,648 - src.data.data_validation - INFO - Categorical validation completed for column ownership_type
2025-03-27 17:47:29,648 - src.data.data_validation - INFO - Categorical validation completed for column education_level
2025-03-27 17:47:29,649 - src.data.data_validation - INFO - Categorical validation completed for column customer_segment
2025-03-27 17:47:29,649 - src.data.data_validation - INFO - Categorical validation completed for column payment_methods
2025-03-27 17:47:29,649 - src.data.data_validation - INFO - Categorical validation completed for column business_registration
2025-03-27 17:47:29,649 - src.data.data_validation - INFO - Data validation completed successfully
2025-03-27 17:47:29,654 - src.data.data_transformation - INFO - Missing values handled successfully
2025-03-27 17:47:29,657 - src.data.data_transformation - INFO - Scaled 10 numeric features
2025-03-27 17:47:29,657 - src.data.data_transformation - INFO - Encoded categorical feature: business_type
2025-03-27 17:47:29,658 - src.data.data_transformation - INFO - Encoded categorical feature: location_type
2025-03-27 17:47:29,658 - src.data.data_transformation - INFO - Encoded categorical feature: ownership_type
2025-03-27 17:47:29,658 - src.data.data_transformation - INFO - Encoded categorical feature: education_level
2025-03-27 17:47:29,659 - src.data.data_transformation - INFO - Encoded categorical feature: customer_segment
2025-03-27 17:47:29,660 - src.data.data_transformation - INFO - Encoded categorical feature: payment_methods
2025-03-27 17:47:29,660 - src.data.data_transformation - INFO - Encoded categorical feature: business_registration
